2025-05-16 18:05:364 INFO  SeleniumActions:193 - Waiting for element to be visible
2025-05-16 18:05:502 INFO  SeleniumActions:193 - i Click on the element Admin Tab
2025-05-16 18:05:505 INFO  SeleniumActions:193 - Waiting for element to be visible
2025-05-16 18:05:812 INFO  SeleniumActions:193 - i Click on the element Username field
2025-05-16 18:05:00 INFO  SeleniumActions:193 - Clicked onUsername field
2025-05-16 18:05:04 INFO  SeleniumActions:193 - Waiting for element to be visible
2025-05-16 18:05:192 INFO  SeleniumActions:193 - i Click on the element Password field
2025-05-16 18:05:284 INFO  SeleniumActions:193 - Clicked onPassword field
2025-05-16 18:05:301 INFO  SeleniumActions:193 - Waiting for element to be visible
2025-05-16 18:05:404 INFO  SeleniumActions:193 - i Click on the element Login button
2025-05-16 18:05:425 INFO  SeleniumActions:193 - Waiting for element to be visible
2025-05-16 18:05:234 INFO  SeleniumActions:193 - i Click on the element Program and courses module
2025-05-16 18:05:252 INFO  SeleniumActions:193 - Waiting for element to be visible
2025-05-16 18:05:437 INFO  SeleniumActions:193 - i Click on the element Program module
2025-05-16 18:05:441 INFO  SeleniumActions:193 - Waiting for element to be visible
2025-05-16 18:05:295 INFO  SeleniumActions:193 - i Click on the element Search Grade or program
2025-05-16 18:05:409 INFO  SeleniumActions:193 - Clicked onSearch Grade or program
2025-05-16 18:05:480 INFO  SeleniumActions:193 - Waiting for element to be visible
2025-05-16 18:05:687 INFO  SeleniumActions:193 - i Click on the element Select Program in List
2025-05-16 18:05:704 INFO  SeleniumActions:193 - Waiting for element to be visible
2025-05-16 18:05:410 INFO  SeleniumActions:193 - i Click on the element Program Batch button
2025-05-16 18:05:428 INFO  SeleniumActions:193 - Waiting for element to be visible
2025-05-16 18:05:873 INFO  SeleniumActions:193 - i Click on the element Grade intake details tab
2025-05-16 18:05:873 INFO  SeleniumActions:193 - Waiting for element to be visible
2025-05-16 18:05:509 INFO  SeleniumActions:193 - i Click on the element Courses is clicked
2025-05-16 18:05:526 INFO  SeleniumActions:193 - Waiting for element to be visible
2025-05-16 18:05:672 INFO  SeleniumActions:193 - i Click on the element Course
2025-05-16 18:05:683 INFO  SeleniumActions:193 - Waiting for element to be visible
2025-05-16 18:05:778 INFO  SeleniumActions:193 - i Click on the element Map period
2025-05-16 18:05:793 INFO  SeleniumActions:193 - Waiting for element to be visible
